<?xml version="1.0" encoding="UTF-8"?>
<!-- Generated by org.testng.reporters.JUnitReportReporter -->
<testsuite skipped="0" hostname="Admin-PC" name="com.omayo.testcases.VerifyUserRegistration" tests="1" failures="0" timestamp="02 Jun 2023 03:08:22 GMT" time="21.259" errors="0">
  <testcase name="verifyUserRegistration" time="21.259" classname="com.omayo.testcases.VerifyUserRegistration"/>
</testsuite> <!-- com.omayo.testcases.VerifyUserRegistration -->
