<?xml version="1.0" encoding="UTF-8"?>
<!-- Generated by org.testng.reporters.JUnitReportReporter -->
<testsuite skipped="0" hostname="Admin-PC" name="com.omayo.testcases.VerifyHomePage" tests="1" failures="0" timestamp="01 Jun 2023 02:23:55 GMT" time="27.218" errors="0">
  <testcase name="verifyUserAbleToSelectOptionsFromDropdown" time="27.218" classname="com.omayo.testcases.VerifyHomePage"/>
</testsuite> <!-- com.omayo.testcases.VerifyHomePage -->
