<?xml version="1.0" encoding="UTF-8"?>
<!-- Generated by org.testng.reporters.JUnitReportReporter -->
<testsuite skipped="0" hostname="Admin-PC" name="com.omayo.testcases.VerifyUserAbleToSelectOptionsFromDropdown" tests="1" failures="0" timestamp="31 May 2023 02:41:25 GMT" time="52.145" errors="0">
  <testcase name="verifyUserAbleToSelectOptionsFromDropdown" time="52.145" classname="com.omayo.testcases.VerifyUserAbleToSelectOptionsFromDropdown"/>
</testsuite> <!-- com.omayo.testcases.VerifyUserAbleToSelectOptionsFromDropdown -->
