<?xml version="1.0" encoding="UTF-8"?>
<!-- Generated by org.testng.reporters.JUnitReportReporter -->
<testsuite skipped="0" hostname="Admin-PC" name="com.omayo.testcases.VerifyUserNavigateToCreatBlogPage" tests="1" failures="0" timestamp="01 Jun 2023 02:55:31 GMT" time="38.425" errors="0">
  <testcase name="verifyUserAbleToSelectOptionsFromDropdown" time="38.425" classname="com.omayo.testcases.VerifyUserNavigateToCreatBlogPage"/>
</testsuite> <!-- com.omayo.testcases.VerifyUserNavigateToCreatBlogPage -->
